[debug] [2023-09-09T02:18:15.354Z] ----------------------------------------------------------------------
[debug] [2023-09-09T02:18:15.358Z] Command:       C:\Program Files (x86)\nodejs\node.exe C:\Users\Laptop HP\AppData\Roaming\npm\node_modules\firebase-tools\lib\bin\firebase.js init
[debug] [2023-09-09T02:18:15.358Z] CLI Version:   12.5.3
[debug] [2023-09-09T02:18:15.358Z] Platform:      win32
[debug] [2023-09-09T02:18:15.359Z] Node Version:  v18.15.0
[debug] [2023-09-09T02:18:15.360Z] Time:          Fri Sep 08 2023 22:18:15 GMT-0400 (hora estándar de Paraguay)
[debug] [2023-09-09T02:18:15.360Z] ----------------------------------------------------------------------
[debug] 
[debug] [2023-09-09T02:18:15.365Z] >>> [apiv2][query] GET https://firebase-public.firebaseio.com/cli.json [none]
[debug] [2023-09-09T02:18:15.428Z] > command requires scopes: ["email","openid","https://www.googleapis.com/auth/cloudplatformprojects.readonly","https://www.googleapis.com/auth/firebase","https://www.googleapis.com/auth/cloud-platform"]
[debug] [2023-09-09T02:18:15.428Z] > authorizing via signed-in user (eacksa95@gmail.com)
[info] 
     ######## #### ########  ######## ########     ###     ######  ########
     ##        ##  ##     ## ##       ##     ##  ##   ##  ##       ##
     ######    ##  ########  ######   ########  #########  ######  ######
     ##        ##  ##    ##  ##       ##     ## ##     ##       ## ##
     ##       #### ##     ## ######## ########  ##     ##  ######  ########

You're about to initialize a Firebase project in this directory:

  C:\Users\Laptop HP\OneDrive\Escritorio\firebase-recetario

[debug] [2023-09-09T02:18:16.026Z] <<< [apiv2][status] GET https://firebase-public.firebaseio.com/cli.json 200
[debug] [2023-09-09T02:18:16.027Z] <<< [apiv2][body] GET https://firebase-public.firebaseio.com/cli.json {"cloudBuildErrorAfter":1594252800000,"cloudBuildWarnAfter":1590019200000,"defaultNode10After":1594252800000,"minVersion":"3.0.5","node8DeploysDisabledAfter":1613390400000,"node8RuntimeDisabledAfter":1615809600000,"node8WarnAfter":1600128000000}
